<?xml version="1.0" encoding="UTF-8"?>
<!-- Generated by org.testng.reporters.JUnitXMLReporter -->
<testsuite hostname="MC0XJE2C" ignored="0" name="Default test" tests="5" failures="0" timestamp="2020-07-19T14:27:17 IST" time="0.738" errors="0">
  <testcase name="FunctionalTesting" time="0.033" classname="test.TestGroups"/>
  <testcase name="IntegrationTesting" time="0.001" classname="test.TestGroups"/>
  <testcase name="Regression" time="0.003" classname="test.TestGroups"/>
  <testcase name="adhocTesting" time="0.001" classname="test.TestGroups"/>
  <testcase name="smokeTesting" time="0.001" classname="test.TestGroups"/>
</testsuite> <!-- Default test -->
