<?xml version="1.0" encoding="UTF-8"?>
<!-- Generated by org.testng.reporters.JUnitXMLReporter -->
<testsuite hostname="MC0XJE2C" ignored="1" name="Default test(failed)" tests="3" failures="0" timestamp="2020-07-07T19:48:08 IST" time="0.06" errors="0">
  <testcase name="signUp" time="0.011" classname="test.Practice"/>
  <testcase name="login" time="0.002" classname="test.Practice"/>
  <testcase name="performTask" time="0.003" classname="test.Practice"/>
  <testcase name="logout" time="0.0" classname="test.Practice">
    <ignored/>
  </testcase> <!-- logout -->
</testsuite> <!-- Default test(failed) -->
